Determining if the pthread_create exist failed with the following output:
Change Dir: /storage/ducda/hpc/advancedhpc2021/labwork/build/CMakeFiles/CMakeTmp

Run Build Command:"/usr/bin/make" "cmTC_76d83/fast"
/usr/bin/make -f CMakeFiles/cmTC_76d83.dir/build.make CMakeFiles/cmTC_76d83.dir/build
make[1]: Entering directory '/storage/ducda/hpc/advancedhpc2021/labwork/build/CMakeFiles/CMakeTmp'
Building C object CMakeFiles/cmTC_76d83.dir/CheckSymbolExists.c.o
/usr/bin/cc   -fPIC    -o CMakeFiles/cmTC_76d83.dir/CheckSymbolExists.c.o   -c /storage/ducda/hpc/advancedhpc2021/labwork/build/CMakeFiles/CMakeTmp/CheckSymbolExists.c
Linking C executable cmTC_76d83
/usr/bin/cmake -E cmake_link_script CMakeFiles/cmTC_76d83.dir/link.txt --verbose=1
/usr/bin/cc -fPIC     -rdynamic CMakeFiles/cmTC_76d83.dir/CheckSymbolExists.c.o  -o cmTC_76d83 
/usr/bin/ld: CMakeFiles/cmTC_76d83.dir/CheckSymbolExists.c.o: in function `main':
CheckSymbolExists.c:(.text+0x1b): undefined reference to `pthread_create'
collect2: error: ld returned 1 exit status
make[1]: *** [CMakeFiles/cmTC_76d83.dir/build.make:87: cmTC_76d83] Error 1
make[1]: Leaving directory '/storage/ducda/hpc/advancedhpc2021/labwork/build/CMakeFiles/CMakeTmp'
make: *** [Makefile:121: cmTC_76d83/fast] Error 2

File /storage/ducda/hpc/advancedhpc2021/labwork/build/CMakeFiles/CMakeTmp/CheckSymbolExists.c:
/* */
#include <pthread.h>

int main(int argc, char** argv)
{
  (void)argv;
#ifndef pthread_create
  return ((int*)(&pthread_create))[argc];
#else
  (void)argc;
  return 0;
#endif
}

Determining if the function pthread_create exists in the pthreads failed with the following output:
Change Dir: /storage/ducda/hpc/advancedhpc2021/labwork/build/CMakeFiles/CMakeTmp

Run Build Command:"/usr/bin/make" "cmTC_9c87d/fast"
/usr/bin/make -f CMakeFiles/cmTC_9c87d.dir/build.make CMakeFiles/cmTC_9c87d.dir/build
make[1]: Entering directory '/storage/ducda/hpc/advancedhpc2021/labwork/build/CMakeFiles/CMakeTmp'
Building C object CMakeFiles/cmTC_9c87d.dir/CheckFunctionExists.c.o
/usr/bin/cc   -fPIC -DCHECK_FUNCTION_EXISTS=pthread_create   -o CMakeFiles/cmTC_9c87d.dir/CheckFunctionExists.c.o   -c /usr/share/cmake-3.13/Modules/CheckFunctionExists.c
Linking C executable cmTC_9c87d
/usr/bin/cmake -E cmake_link_script CMakeFiles/cmTC_9c87d.dir/link.txt --verbose=1
/usr/bin/cc -fPIC -DCHECK_FUNCTION_EXISTS=pthread_create    -rdynamic CMakeFiles/cmTC_9c87d.dir/CheckFunctionExists.c.o  -o cmTC_9c87d -lpthreads 
/usr/bin/ld: cannot find -lpthreads
collect2: error: ld returned 1 exit status
make[1]: *** [CMakeFiles/cmTC_9c87d.dir/build.make:87: cmTC_9c87d] Error 1
make[1]: Leaving directory '/storage/ducda/hpc/advancedhpc2021/labwork/build/CMakeFiles/CMakeTmp'
make: *** [Makefile:121: cmTC_9c87d/fast] Error 2


